<?xml version="1.0" encoding="UTF-8"?>
<testsuite name="rspec" tests="1909" skipped="2" failures="0" errors="0" time="168.897578" timestamp="2021-03-08T12:58:37+00:00" hostname="7b45fd1caba6">
<properties>
<property name="seed" value="30231"/>
</properties>
<testcase classname="spec.factories_spec" name="quota_suspension_period factory is valid" file="./spec/factories_spec.rb" time="0.009771"></testcase>
<testcase classname="spec.factories_spec" name="complete_abrogation_regulation factory is valid" file="./spec/factories_spec.rb" time="0.002970"></testcase>
<testcase classname="spec.workers.taric_sequence_check_worker_spec" name="TaricSequenceCheckWorker#perfomr creates an instance of TaricSequenceCheck" file="./spec/workers/taric_sequence_check_worker_spec.rb" time="0.003399"></testcase>
<testcase classname="spec.workers.taric_sequence_check_worker_spec" name="TaricSequenceCheckWorker#perfomr calls perform for the instance of TaricSequenceCheck" file="./spec/workers/taric_sequence_check_worker_spec.rb" time="0.002377"></testcase>
<testcase classname="spec.models.section_spec" name="Section associations chapters does not include HiddenGoodsNomenclatures" file="./spec/models/section_spec.rb" time="0.185263"></testcase>
<testcase classname="spec.factories_spec" name="footnote_type factory is valid" file="./spec/factories_spec.rb" time="0.003584"></testcase>
<testcase classname="spec.unit.taric_importer.record_processor.update_operation_spec" name="TaricImporter::RecordProcessor::UpdateOperation#to_oplog_operation identifies as update operation" file="./spec/unit/taric_importer/record_processor/update_operation_spec.rb" time="0.002729"></testcase>
<testcase classname="spec.formatters.description_formatter_spec" name="DescriptionFormatter.format replaces !o! with deg html entity" file="./spec/formatters/description_formatter_spec.rb" time="0.002222"></testcase>
<testcase classname="spec.formatters.description_formatter_spec" name="DescriptionFormatter.format corrects inconsistent newlines in lists" file="./spec/formatters/description_formatter_spec.rb" time="0.002044"></testcase>
<testcase classname="spec.formatters.description_formatter_spec" name="DescriptionFormatter.format replaces | with non breaking space html entity" file="./spec/formatters/description_formatter_spec.rb" time="0.001869"></testcase>
<testcase classname="spec.formatters.description_formatter_spec" name="DescriptionFormatter.format replaces and wraps @&lt;anycharacter&gt; with html sub tag" file="./spec/formatters/description_formatter_spec.rb" time="0.001818"></testcase>
<testcase classname="spec.formatters.description_formatter_spec" name="DescriptionFormatter.format does not replace &amp; followed with # (html entity)" file="./spec/formatters/description_formatter_spec.rb" time="0.001749"></testcase>
<testcase classname="spec.formatters.description_formatter_spec" name="DescriptionFormatter.format replaces !X! with times html entity" file="./spec/formatters/description_formatter_spec.rb" time="0.001734"></testcase>
<testcase classname="spec.formatters.description_formatter_spec" name="DescriptionFormatter.format return empty string for empty description" file="./spec/formatters/description_formatter_spec.rb" time="0.001733"></testcase>
<testcase classname="spec.formatters.description_formatter_spec" name="DescriptionFormatter.format replaces !&gt;=! with greater or equals html entity" file="./spec/formatters/description_formatter_spec.rb" time="0.001751"></testcase>
<testcase classname="spec.formatters.description_formatter_spec" name="DescriptionFormatter.format replaces !x! with times html entity" file="./spec/formatters/description_formatter_spec.rb" time="0.001722"></testcase>
<testcase classname="spec.formatters.description_formatter_spec" name="DescriptionFormatter.format replaces !1! with breaking space tags" file="./spec/formatters/description_formatter_spec.rb" time="0.009501"></testcase>
<testcase classname="spec.formatters.description_formatter_spec" name="DescriptionFormatter.format does not replace &amp; followed by nbsp (non breaking space entity)" file="./spec/formatters/description_formatter_spec.rb" time="0.005601"></testcase>
<testcase classname="spec.formatters.description_formatter_spec" name="DescriptionFormatter.format replaces &amp; with ampersands" file="./spec/formatters/description_formatter_spec.rb" time="0.005634"></testcase>
<testcase classname="spec.formatters.description_formatter_spec" name="DescriptionFormatter.format replaces and wraps $&lt;anycharacter&gt; with html sup tag" file="./spec/formatters/description_formatter_spec.rb" time="0.006360"></testcase>
<testcase classname="spec.formatters.description_formatter_spec" name="DescriptionFormatter.format replaces !&lt;=! with less or equal html entity" file="./spec/formatters/description_formatter_spec.rb" time="0.005793"></testcase>
<testcase classname="spec.formatters.description_formatter_spec" name="DescriptionFormatter.format replaces !O! with deg html entity" file="./spec/formatters/description_formatter_spec.rb" time="0.005469"></testcase>
<testcase classname="spec.controllers.api.admin.sections.section_notes_controller_spec" name="Api::Admin::Sections::SectionNotesController POST to #create save succeeded returns section_note attributes" file="./spec/controllers/api/admin/sections/section_notes_controller_spec.rb" time="0.038574"></testcase>
<testcase classname="spec.controllers.api.admin.sections.section_notes_controller_spec" name="Api::Admin::Sections::SectionNotesController POST to #create save succeeded responds with success" file="./spec/controllers/api/admin/sections/section_notes_controller_spec.rb" time="0.038138"></testcase>
<testcase classname="spec.controllers.api.admin.sections.section_notes_controller_spec" name="Api::Admin::Sections::SectionNotesController POST to #create save succeeded persists section note" file="./spec/controllers/api/admin/sections/section_notes_controller_spec.rb" time="0.039893"></testcase>
<testcase classname="spec.controllers.api.admin.sections.section_notes_controller_spec" name="Api::Admin::Sections::SectionNotesController POST to #create save failed responds with 422" file="./spec/controllers/api/admin/sections/section_notes_controller_spec.rb" time="0.025887"></testcase>
<testcase classname="spec.controllers.api.admin.sections.section_notes_controller_spec" name="Api::Admin::Sections::SectionNotesController POST to #create save failed does not persist section note" file="./spec/controllers/api/admin/sections/section_notes_controller_spec.rb" time="0.038485"></testcase>
<testcase classname="spec.controllers.api.admin.sections.section_notes_controller_spec" name="Api::Admin::Sections::SectionNotesController POST to #create save failed returns section_note validation errors" file="./spec/controllers/api/admin/sections/section_notes_controller_spec.rb" time="0.034455"></testcase>
<testcase classname="spec.factories_spec" name="geographical_area_membership factory is valid" file="./spec/factories_spec.rb" time="0.003576"></testcase>
<testcase classname="spec.models.footnote_spec" name="Footnote#code returns conjuction of footnote type id and footnote id" file="./spec/models/footnote_spec.rb" time="0.011158"></testcase>
<testcase classname="spec.models.footnote_spec" name="Footnote associations additional code description direct loading loads correct description respecting given actual time" file="./spec/models/footnote_spec.rb" time="0.036163"></testcase>
<testcase classname="spec.models.footnote_spec" name="Footnote associations additional code description direct loading loads correct description respecting given time" file="./spec/models/footnote_spec.rb" time="0.033569"></testcase>
<testcase classname="spec.models.footnote_spec" name="Footnote associations additional code description eager loading loads correct description respecting given actual time" file="./spec/models/footnote_spec.rb" time="0.017819"></testcase>
<testcase classname="spec.models.footnote_spec" name="Footnote associations additional code description eager loading loads correct description respecting given time" file="./spec/models/footnote_spec.rb" time="0.015796"></testcase>
<testcase classname="spec.models.footnote_spec" name="Footnote validations is expected to validate validity dates of Footnote" file="./spec/models/footnote_spec.rb" time="0.004448"></testcase>
<testcase classname="spec.models.footnote_spec" name="Footnote validations is expected to validate presence of footnote_type" file="./spec/models/footnote_spec.rb" time="0.002865"></testcase>
<testcase classname="spec.models.footnote_spec" name="Footnote validations is expected to validate uniqueness of [:footnote_type_id, :footnote_id]" file="./spec/models/footnote_spec.rb" time="0.002358"></testcase>
<testcase classname="spec.models.footnote_spec" name="Footnote validations FO17 is expected to validate validity_date_span of footnote_type" file="./spec/models/footnote_spec.rb" time="0.002052"></testcase>
<testcase classname="spec.models.footnote_spec" name="Footnote validations FO5 performs validation" file="./spec/models/footnote_spec.rb" time="0.068011"></testcase>
<testcase classname="spec.models.footnote_spec" name="Footnote validations FO10 is expected to validate validity_date_span of meursing_headings" file="./spec/models/footnote_spec.rb" time="0.003122"></testcase>
<testcase classname="spec.models.footnote_spec" name="Footnote validations FO9 performs validation" file="./spec/models/footnote_spec.rb" time="0.021375"></testcase>
<testcase classname="spec.models.footnote_spec" name="Footnote validations FO6 performs validation" file="./spec/models/footnote_spec.rb" time="0.021053"></testcase>
<testcase classname="spec.models.footnote_spec" name="Footnote validations FO16 When a footnote is used in a Meursing Table heading then the footnote may not be deleted." file="./spec/models/footnote_spec.rb" time="0.034545"></testcase>
<testcase classname="spec.models.footnote_spec" name="Footnote validations FO7 performs validation" file="./spec/models/footnote_spec.rb" time="0.024863"></testcase>
<testcase classname="spec.models.footnote_spec" name="Footnote validations FO4 At least one description record is mandatory performs validation" file="./spec/models/footnote_spec.rb" time="0.015608"></testcase>
<testcase classname="spec.models.footnote_spec" name="Footnote validations FO4 The start date of the first description period must be equal to the start date of the footnote. performs validation" file="./spec/models/footnote_spec.rb" time="0.015272"></testcase>
<testcase classname="spec.models.footnote_spec" name="Footnote validations FO4 No two associated description periods may have the same start date. performs validation" file="./spec/models/footnote_spec.rb" time="0.017852"></testcase>
<testcase classname="spec.models.footnote_spec" name="Footnote validations FO4 The start date must be less than or equal to the end date of the footnote. performs validation" file="./spec/models/footnote_spec.rb" time="0.031198"></testcase>
<testcase classname="spec.models.footnote_spec" name="Footnote validations FO13 When a footnote is used in an Export Refund code then the footnote may not be deleted." file="./spec/models/footnote_spec.rb" time="0.018374"></testcase>
<testcase classname="spec.models.footnote_spec" name="Footnote validations FO15 When a footnote is used in an additional code then the footnote may not be deleted." file="./spec/models/footnote_spec.rb" time="0.016438"></testcase>
<testcase classname="spec.models.footnote_spec" name="Footnote validations FO12 When a footnote is used in a goods nomenclature then the footnote may not be deleted." file="./spec/models/footnote_spec.rb" time="0.017430"></testcase>
<testcase classname="spec.models.footnote_spec" name="Footnote validations FO11 When a footnote is used in a measure then the footnote may not be deleted." file="./spec/models/footnote_spec.rb" time="0.050381"></testcase>
<testcase classname="spec.factories_spec" name="publication_sigle factory is valid" file="./spec/factories_spec.rb" time="0.004114"></testcase>
<testcase classname="spec.factories_spec" name="quota_balance_event factory is valid" file="./spec/factories_spec.rb" time="0.004322"></testcase>
<testcase classname="spec.factories_spec" name="measure factory is valid" file="./spec/factories_spec.rb" time="0.017300"></testcase>
<testcase classname="spec.controllers.api.v1.headings_controller_spec" name="Api::V1::HeadingsController GET #changes changes happened before requested date does not include change records" file="./spec/controllers/api/v1/headings_controller_spec.rb" time="0.207378"></testcase>
<testcase classname="spec.controllers.api.v1.headings_controller_spec" name="Api::V1::HeadingsController GET #changes changes happened after chapter creation returns heading changes" file="./spec/controllers/api/v1/headings_controller_spec.rb" time="0.200615"></testcase>
<testcase classname="spec.controllers.api.v1.headings_controller_spec" name="Api::V1::HeadingsController GET #changes changes include deleted record renders record attributes" file="./spec/controllers/api/v1/headings_controller_spec.rb" time="0.208683"></testcase>
<testcase classname="spec.services.cached_commodity_service_spec" name="CachedCommodityService#call returns a correctly serialized hash" file="./spec/services/cached_commodity_service_spec.rb" time="0.250953"></testcase>
<testcase classname="spec.services.cached_commodity_service_spec" name="CachedCommodityService#call when the filter specifies a geographical area uses a cache key with an area filter in it" file="./spec/services/cached_commodity_service_spec.rb" time="0.216829"></testcase>
<testcase classname="spec.services.cached_commodity_service_spec" name="CachedCommodityService#call when the filter does not specify a geographical area uses a cache key with an area filter in it" file="./spec/services/cached_commodity_service_spec.rb" time="0.204516"></testcase>
<testcase classname="spec.factories_spec" name="goods_nomenclature_group_description factory is valid" file="./spec/factories_spec.rb" time="0.003474"></testcase>
<testcase classname="spec.services.search_service_spec" name="SearchService initialization strips [, ] characters from search query" file="./spec/services/search_service_spec.rb" time="0.002994"></testcase>
<testcase classname="spec.services.search_service_spec" name="SearchService initialization assigns search query" file="./spec/services/search_service_spec.rb" time="0.002191"></testcase>
<testcase classname="spec.services.search_service_spec" name="SearchService exact search chapters chapter goods code id has got preceding zero returns endpoint and identifier if provided with 1 digit chapter code" file="./spec/services/search_service_spec.rb" time="0.082152"></testcase>
<testcase classname="spec.services.search_service_spec" name="SearchService exact search chapters chapter goods id has not got preceding zero returns endpoint and identifier if provided with 2 digit chapter code" file="./spec/services/search_service_spec.rb" time="0.028482"></testcase>
<testcase classname="spec.services.search_service_spec" name="SearchService exact search chapters chapter goods id has not got preceding zero returns endpoint and identifier if provided with matching 3 digit chapter code" file="./spec/services/search_service_spec.rb" time="0.028467"></testcase>
<testcase classname="spec.services.search_service_spec" name="SearchService exact search commodities codes mapping returns mapped commodity" file="./spec/services/search_service_spec.rb" time="0.126275"></testcase>
<testcase classname="spec.services.search_service_spec" name="SearchService exact search commodities non declarable does not exact match commodity with children" file="./spec/services/search_service_spec.rb" time="0.099076"></testcase>
<testcase classname="spec.services.search_service_spec" name="SearchService exact search commodities declarable returns endpoint and identifier if provided with matching 12 symbol commodity code" file="./spec/services/search_service_spec.rb" time="0.055838"></testcase>
<testcase classname="spec.services.search_service_spec" name="SearchService exact search commodities declarable returns endpoint and identifier if provided with 10 digits separated by various non number characters" file="./spec/services/search_service_spec.rb" time="0.075617"></testcase>
<testcase classname="spec.services.search_service_spec" name="SearchService exact search commodities declarable returns endpoint and identifier if provided with 10 digits separated by whitespace of varying length" file="./spec/services/search_service_spec.rb" time="0.080076"></testcase>
<testcase classname="spec.services.search_service_spec" name="SearchService exact search commodities declarable returns endpoint and identifier if provided with 10 symbol commodity code" file="./spec/services/search_service_spec.rb" time="0.057068"></testcase>
<testcase classname="spec.services.search_service_spec" name="SearchService exact search commodities declarable returns endpoint and identifier if provided with 10 symbol commodity code separated by dots" file="./spec/services/search_service_spec.rb" time="0.075150"></testcase>
<testcase classname="spec.services.search_service_spec" name="SearchService exact search commodities declarable returns endpoint and identifier if provided with 10 symbol commodity code separated by spaces" file="./spec/services/search_service_spec.rb" time="0.069783"></testcase>
<testcase classname="spec.services.search_service_spec" name="SearchService exact search headings returns endpoint and identifier if provided with matching 6 (or any between length of 4 to 9) symbol heading code" file="./spec/services/search_service_spec.rb" time="0.026248"></testcase>
<testcase classname="spec.services.search_service_spec" name="SearchService exact search headings returns endpoint and identifier if provided with matching 10 symbol declarable heading code" file="./spec/services/search_service_spec.rb" time="0.025280"></testcase>
<testcase classname="spec.services.search_service_spec" name="SearchService exact search headings returns endpoint and identifier if provided with 4 symbol heading code" file="./spec/services/search_service_spec.rb" time="0.048152"></testcase>
<testcase classname="spec.services.search_service_spec" name="SearchService exact search chemicals returns endpoint and identifier if provided with CAS number only" file="./spec/services/search_service_spec.rb" time="0.055946"></testcase>
<testcase classname="spec.services.search_service_spec" name="SearchService exact search chemicals returns endpoint and identifier if provided with CAS number with the leading string &quot;cas &quot;" file="./spec/services/search_service_spec.rb" time="0.074555"></testcase>
<testcase classname="spec.services.search_service_spec" name="SearchService exact search hidden commodities does not return hidden commodity as exact match" file="./spec/services/search_service_spec.rb" time="0.134923"></testcase>
<testcase classname="spec.services.search_service_spec" name="SearchService reference search validity period function returns goods code if search date falls within validity period" file="./spec/services/search_service_spec.rb" time="0.105134"></testcase>
<testcase classname="spec.services.search_service_spec" name="SearchService reference search validity period function does not return goods code if search date does not fall within validity period" file="./spec/services/search_service_spec.rb" time="0.095233"></testcase>
<testcase classname="spec.services.search_service_spec" name="SearchService reference search reference matching for multi term searches only matches exact phrases" file="./spec/services/search_service_spec.rb" time="0.138273"></testcase>
<testcase classname="spec.services.search_service_spec" name="SearchService#valid? is valid if has no q param assigned" file="./spec/services/search_service_spec.rb" time="0.003030"></testcase>
<testcase classname="spec.services.search_service_spec" name="SearchService#valid? is valid if has both t and as_of params provided" file="./spec/services/search_service_spec.rb" time="0.002597"></testcase>
<testcase classname="spec.services.search_service_spec" name="SearchService#valid? is valid if has no as_of param assigned" file="./spec/services/search_service_spec.rb" time="0.002069"></testcase>
<testcase classname="spec.services.search_service_spec" name="SearchService fuzzy search searching with synonyms returns first created search reference" file="./spec/services/search_service_spec.rb" time="0.277269"></testcase>
<testcase classname="spec.services.search_service_spec" name="SearchService fuzzy search querying with ambiguous characters search returns empty resilt" file="./spec/services/search_service_spec.rb" time="0.019003"></testcase>
<testcase classname="spec.services.search_service_spec" name="SearchService fuzzy search querying with ambiguous characters search does not raise an exception" file="./spec/services/search_service_spec.rb" time="0.018797"></testcase>
<testcase classname="spec.services.search_service_spec" name="SearchService fuzzy search searching for sections finds relevant sections" file="./spec/services/search_service_spec.rb" time="0.070561"></testcase>
<testcase classname="spec.services.search_service_spec" name="SearchService fuzzy search filtering by date with goods codes that have bounded validity period returns goods code if search date falls within validity period" file="./spec/services/search_service_spec.rb" time="0.046474"></testcase>
<testcase classname="spec.services.search_service_spec" name="SearchService fuzzy search filtering by date with goods codes that have bounded validity period does not return goods code if search date does not fall within validity period" file="./spec/services/search_service_spec.rb" time="0.061547"></testcase>
<testcase classname="spec.services.search_service_spec" name="SearchService fuzzy search filtering by date with goods codes that have unbounded validity period returns goods code if search date is greater than start of validity period" file="./spec/services/search_service_spec.rb" time="0.043669"></testcase>
<testcase classname="spec.services.search_service_spec" name="SearchService fuzzy search filtering by date with goods codes that have unbounded validity period does not return goods code if search date is less than start of validity period" file="./spec/services/search_service_spec.rb" time="0.074608"></testcase>
<testcase classname="spec.services.search_service_spec" name="SearchService#persisted? returns false" file="./spec/services/search_service_spec.rb" time="0.003039"></testcase>
<testcase classname="spec.factories_spec" name="measure_type_adco factory is valid" file="./spec/factories_spec.rb" time="0.006148"></testcase>
<testcase classname="spec.factories_spec" name="duty_expression factory is valid" file="./spec/factories_spec.rb" time="0.002547"></testcase>
<testcase classname="spec.integration.chief_transformer.vat_excises_spec" name="CHIEF: VAT and Excises TAME Initial Load Scenario 2: VAT seasonal goods and pseudo commodity codes creates the following measures" file="./spec/integration/chief_transformer/vat_excises_spec.rb" time="0.056679"></testcase>
<testcase classname="spec.integration.chief_transformer.vat_excises_spec" name="CHIEF: VAT and Excises TAME Initial Load Scenario 2: VAT seasonal goods and pseudo commodity codes does not save invalid mfcm records" file="./spec/integration/chief_transformer/vat_excises_spec.rb" time="0.027465"></testcase>
<testcase classname="spec.integration.chief_transformer.vat_excises_spec" name="CHIEF: VAT and Excises Daily Update MFCM creates the 0101010100 measure" file="./spec/integration/chief_transformer/vat_excises_spec.rb" time="0.078365"></testcase>
<testcase classname="spec.integration.chief_transformer.vat_excises_spec" name="CHIEF: VAT and Excises Daily Update MFCM MFCM Daily Scenario 2: Updated measure with later start date Alt 1: Update and Insert behaves like VAT and Excise MFCM Daily Scenario 2: Updated measure with later start date outcome adds end date to existing measure" file="./spec/integration/chief_transformer/vat_excises_spec.rb" time="0.100072"></testcase>
<testcase classname="spec.integration.chief_transformer.vat_excises_spec" name="CHIEF: VAT and Excises Daily Update MFCM MFCM Daily Scenario 2: Updated measure with later start date Alt 1: Update and Insert behaves like VAT and Excise MFCM Daily Scenario 2: Updated measure with later start date outcome creates new measure with new start date" file="./spec/integration/chief_transformer/vat_excises_spec.rb" time="0.091308"></testcase>
<testcase classname="spec.integration.chief_transformer.vat_excises_spec" name="CHIEF: VAT and Excises Daily Update MFCM MFCM Daily Scenario 2: Updated measure with later start date Alt 1: Update and Insert behaves like VAT and Excise MFCM Daily Scenario 2: Updated measure with later start date outcome leaves two measures in the table" file="./spec/integration/chief_transformer/vat_excises_spec.rb" time="0.091007"></testcase>
<testcase classname="spec.integration.chief_transformer.vat_excises_spec" name="CHIEF: VAT and Excises Daily Update MFCM MFCM Daily Scenario 4: Start date for measure moved forward Alt 1: Deletion and Insertion it results in VAT and Excise MFCM Daily Scenario 4: Start date for measure moved forward outcome deletes existing Matching measures" file="./spec/integration/chief_transformer/vat_excises_spec.rb" time="0.091535"></testcase>
<testcase classname="spec.integration.chief_transformer.vat_excises_spec" name="CHIEF: VAT and Excises Daily Update MFCM MFCM Daily Scenario 4: Start date for measure moved forward Alt 1: Deletion and Insertion it results in VAT and Excise MFCM Daily Scenario 4: Start date for measure moved forward outcome inserts new measures" file="./spec/integration/chief_transformer/vat_excises_spec.rb" time="0.090913"></testcase>
<testcase classname="spec.integration.chief_transformer.vat_excises_spec" name="CHIEF: VAT and Excises Daily Update MFCM MFCM Daily Scenario 1: Updated measure with later start date Alt 1. Update behaves like VAT and Excise MFCM Daily Scenario 1: Updated measure with later start date outcome no changes should be done to Measure because just fe_tsmp was moved forward" file="./spec/integration/chief_transformer/vat_excises_spec.rb" time="0.057743"></testcase>
<testcase classname="spec.integration.chief_transformer.vat_excises_spec" name="CHIEF: VAT and Excises Daily Update MFCM MFCM Daily Scenario 3: Updated measure with later start date for terminated measure Alt 1: Update it results in VAT and Excise MFCM Daily Scenario 3: Updated measure with later start date for terminated measure outcome adds end date to existing measure" file="./spec/integration/chief_transformer/vat_excises_spec.rb" time="0.075995"></testcase>
<testcase classname="spec.integration.chief_transformer.vat_excises_spec" name="CHIEF: VAT and Excises Daily Update MFCM MFCM Daily Scenario 3: Updated measure with later start date for terminated measure Alt 1: Update it results in VAT and Excise MFCM Daily Scenario 3: Updated measure with later start date for terminated measure outcome creates new measure with new start date" file="./spec/integration/chief_transformer/vat_excises_spec.rb" time="0.077846"></testcase>
<testcase classname="spec.integration.chief_transformer.vat_excises_spec" name="CHIEF: VAT and Excises Daily Update MFCM MFCM Daily Scenario 3: Updated measure with later start date for terminated measure Alt 2: Insert it results in VAT and Excise MFCM Daily Scenario 3: Updated measure with later start date for terminated measure outcome creates new measure with new start date" file="./spec/integration/chief_transformer/vat_excises_spec.rb" time="0.077135"></testcase>
<testcase classname="spec.integration.chief_transformer.vat_excises_spec" name="CHIEF: VAT and Excises Daily Update MFCM MFCM Daily Scenario 3: Updated measure with later start date for terminated measure Alt 2: Insert it results in VAT and Excise MFCM Daily Scenario 3: Updated measure with later start date for terminated measure outcome adds end date to existing measure" file="./spec/integration/chief_transformer/vat_excises_spec.rb" time="0.057091"></testcase>
<testcase classname="spec.integration.chief_transformer.vat_excises_spec" name="CHIEF: VAT and Excises TAMF Initial Load Scenario 2: Excise measures different countries creates measures for US" file="./spec/integration/chief_transformer/vat_excises_spec.rb" time="0.099080"></testcase>
<testcase classname="spec.integration.chief_transformer.vat_excises_spec" name="CHIEF: VAT and Excises TAMF Initial Load Scenario 2: Excise measures different countries creates measures for IN" file="./spec/integration/chief_transformer/vat_excises_spec.rb" time="0.107327"></testcase>
<testcase classname="spec.integration.chief_transformer.vat_excises_spec" name="CHIEF: VAT and Excises TAMF Initial Load Scenario 2: Excise measures different countries creates measures for CN" file="./spec/integration/chief_transformer/vat_excises_spec.rb" time="0.096676"></testcase>
<testcase classname="spec.integration.chief_transformer.vat_excises_spec" name="CHIEF: VAT and Excises TAMF Initial Load Scenario 1: Excise measures creates measures for 0202020200" file="./spec/integration/chief_transformer/vat_excises_spec.rb" time="0.164283"></testcase>
<testcase classname="spec.integration.chief_transformer.vat_excises_spec" name="CHIEF: VAT and Excises TAMF Initial Load Scenario 1: Excise measures creates measures for 0505050500" file="./spec/integration/chief_transformer/vat_excises_spec.rb" time="0.145665"></testcase>
<testcase classname="spec.integration.chief_transformer.vat_excises_spec" name="CHIEF: VAT and Excises TAMF Initial Load Scenario 1: Excise measures creates measures for 0303030300" file="./spec/integration/chief_transformer/vat_excises_spec.rb" time="0.169733"></testcase>
<testcase classname="spec.integration.chief_transformer.vat_excises_spec" name="CHIEF: VAT and Excises TAMF Initial Load Scenario 1: Excise measures creates measures for 0404040400" file="./spec/integration/chief_transformer/vat_excises_spec.rb" time="0.166490"></testcase>
<testcase classname="spec.integration.chief_transformer.vat_excises_spec" name="CHIEF: VAT and Excises TAMF Initial Load Scenario 1: Excise measures creates measures for 0101010100" file="./spec/integration/chief_transformer/vat_excises_spec.rb" time="0.142314"></testcase>
<testcase classname="spec.integration.chief_transformer.vat_excises_spec" name="CHIEF: VAT and Excises Unsupported Scenario 1: Several updates in same daily update file creates one measure" file="./spec/integration/chief_transformer/vat_excises_spec.rb" time="0.072509"></testcase>
<testcase classname="spec.integration.chief_transformer.vat_excises_spec" name="CHIEF: VAT and Excises Unsupported Scenario 1: Several updates in same daily update file measure for 0101010100 with duty rate of 20.0" file="./spec/integration/chief_transformer/vat_excises_spec.rb" time="0.044844"></testcase>
<testcase classname="spec.integration.chief_transformer.vat_excises_spec" name="CHIEF: VAT and Excises Unsupported Scenario 1: Several updates in same daily update file Alt 1. Multiple updates it results in Unsupported Scenario 1: Several updates in same daily update file outcome adds end date to 0101010100 with duty amount of 20%" file="./spec/integration/chief_transformer/vat_excises_spec.rb" time="0.132988"></testcase>
<testcase classname="spec.integration.chief_transformer.vat_excises_spec" name="CHIEF: VAT and Excises Unsupported Scenario 1: Several updates in same daily update file Alt 1. Multiple updates it results in Unsupported Scenario 1: Several updates in same daily update file outcome creates two new measures" file="./spec/integration/chief_transformer/vat_excises_spec.rb" time="0.115702"></testcase>
<testcase classname="spec.integration.chief_transformer.vat_excises_spec" name="CHIEF: VAT and Excises Unsupported Scenario 1: Several updates in same daily update file Alt 1. Multiple updates it results in Unsupported Scenario 1: Several updates in same daily update file outcome creates new temporary measure for 0101010100 with duty amount of 20%" file="./spec/integration/chief_transformer/vat_excises_spec.rb" time="0.120563"></testcase>
<testcase classname="spec.integration.chief_transformer.vat_excises_spec" name="CHIEF: VAT and Excises Unsupported Scenario 1: Several updates in same daily update file Alt 1. Multiple updates it results in Unsupported Scenario 1: Several updates in same daily update file outcome creates new measure for 0101010100 with duty amount of 18" file="./spec/integration/chief_transformer/vat_excises_spec.rb" time="0.130303"></testcase>
<testcase classname="spec.integration.chief_transformer.vat_excises_spec" name="CHIEF: VAT and Excises TAME Initial Load Scenario 1: VAT measures creates measure for 0101010100" file="./spec/integration/chief_transformer/vat_excises_spec.rb" time="0.138877"></testcase>
<testcase classname="spec.integration.chief_transformer.vat_excises_spec" name="CHIEF: VAT and Excises TAME Initial Load Scenario 1: VAT measures creates measure for 0202020200" file="./spec/integration/chief_transformer/vat_excises_spec.rb" time="0.120533"></testcase>
<testcase classname="spec.integration.chief_transformer.vat_excises_spec" name="CHIEF: VAT and Excises TAME Initial Load Scenario 1: VAT measures creates measure for 0404040400" file="./spec/integration/chief_transformer/vat_excises_spec.rb" time="0.122556"></testcase>
<testcase classname="spec.integration.chief_transformer.vat_excises_spec" name="CHIEF: VAT and Excises TAME Initial Load Scenario 1: VAT measures creates measure for 0303030300" file="./spec/integration/chief_transformer/vat_excises_spec.rb" time="0.145219"></testcase>
<testcase classname="spec.integration.chief_transformer.vat_excises_spec" name="CHIEF: VAT and Excises Unsupported Scenario 2: Insert and delete in same daily update file no Taric measures should be created" file="./spec/integration/chief_transformer/vat_excises_spec.rb" time="0.027947"></testcase>
<testcase classname="spec.integration.chief_transformer.vat_excises_spec" name="CHIEF: VAT and Excises Unsupported Scenario 2: Insert and delete in same daily update file Alt 1. Insertion and deletion it results in Unsupported Scenario 2: Insert and delete in same daily update file outcome no Taric measures should be created" file="./spec/integration/chief_transformer/vat_excises_spec.rb" time="0.045196"></testcase>
<testcase classname="spec.integration.chief_transformer.vat_excises_spec" name="CHIEF: VAT and Excises Daily Update TAME creates the 0303030300 measure" file="./spec/integration/chief_transformer/vat_excises_spec.rb" time="0.104630"></testcase>
<testcase classname="spec.integration.chief_transformer.vat_excises_spec" name="CHIEF: VAT and Excises Daily Update TAME creates the 0202020200 measure" file="./spec/integration/chief_transformer/vat_excises_spec.rb" time="0.115753"></testcase>
<testcase classname="spec.integration.chief_transformer.vat_excises_spec" name="CHIEF: VAT and Excises Daily Update TAME creates the 0101010100 measure" file="./spec/integration/chief_transformer/vat_excises_spec.rb" time="0.114258"></testcase>
<testcase classname="spec.integration.chief_transformer.vat_excises_spec" name="CHIEF: VAT and Excises Daily Update TAME TAME Daily Scenario 3: VAT no longer applied to commodity Alt 1. Update it results in VAT and Excise TAME Daily Scenario 3: VAT no longer applied to commodity outcome adds validity end date to commodity 0101010100" file="./spec/integration/chief_transformer/vat_excises_spec.rb" time="0.119610"></testcase>
<testcase classname="spec.integration.chief_transformer.vat_excises_spec" name="CHIEF: VAT and Excises Daily Update TAME TAME Daily Scenario 3: VAT no longer applied to commodity Alt 2. Delete it results in VAT and Excise TAME Daily Scenario 3: VAT no longer applied to commodity outcome adds validity end date to commodity 0101010100" file="./spec/integration/chief_transformer/vat_excises_spec.rb" time="0.119899"></testcase>
<testcase classname="spec.integration.chief_transformer.vat_excises_spec" name="CHIEF: VAT and Excises Daily Update TAME TAME Daily Scenario 7: Incorrect VAT rate Alt 1. Update it results in VAT and Excise TAME Daily Scenario 7: Incorrect VAT rate outcome updates duty amount for commodity 0303030300 measure" file="./spec/integration/chief_transformer/vat_excises_spec.rb" time="0.123262"></testcase>
<testcase classname="spec.integration.chief_transformer.vat_excises_spec" name="CHIEF: VAT and Excises Daily Update TAME TAME Daily Scenario 7: Incorrect VAT rate Alt 1. Update it results in VAT and Excise TAME Daily Scenario 7: Incorrect VAT rate outcome updates duty amount for commodity 0202020200 measure" file="./spec/integration/chief_transformer/vat_excises_spec.rb" time="0.139239"></testcase>
<testcase classname="spec.integration.chief_transformer.vat_excises_spec" name="CHIEF: VAT and Excises Daily Update TAME TAME Daily Scenario 7: Incorrect VAT rate Alt 1. Update it results in VAT and Excise TAME Daily Scenario 7: Incorrect VAT rate outcome updates duty amount for commodity 0101010100 measure" file="./spec/integration/chief_transformer/vat_excises_spec.rb" time="0.128651"></testcase>
<testcase classname="spec.integration.chief_transformer.vat_excises_spec" name="CHIEF: VAT and Excises Daily Update TAME TAME Daily Scenario 2: VAT applied to another commodity code Alt 2. Delete and Insert it results in VAT and Excise TAME Daily Scenario 2: VAT applied to another commodity code outcome adds validity end date to commodity 0101010100" file="./spec/integration/chief_transformer/vat_excises_spec.rb" time="0.152043"></testcase>
<testcase classname="spec.integration.chief_transformer.vat_excises_spec" name="CHIEF: VAT and Excises Daily Update TAME TAME Daily Scenario 2: VAT applied to another commodity code Alt 2. Delete and Insert it results in VAT and Excise TAME Daily Scenario 2: VAT applied to another commodity code outcome creates commodity 0404040400" file="./spec/integration/chief_transformer/vat_excises_spec.rb" time="0.146889"></testcase>
<testcase classname="spec.integration.chief_transformer.vat_excises_spec" name="CHIEF: VAT and Excises Daily Update TAME TAME Daily Scenario 2: VAT applied to another commodity code Alt 1. Update and Insert it results in VAT and Excise TAME Daily Scenario 2: VAT applied to another commodity code outcome adds validity end date to commodity 0101010100" file="./spec/integration/chief_transformer/vat_excises_spec.rb" time="0.186252"></testcase>
<testcase classname="spec.integration.chief_transformer.vat_excises_spec" name="CHIEF: VAT and Excises Daily Update TAME TAME Daily Scenario 2: VAT applied to another commodity code Alt 1. Update and Insert it results in VAT and Excise TAME Daily Scenario 2: VAT applied to another commodity code outcome creates commodity 0404040400" file="./spec/integration/chief_transformer/vat_excises_spec.rb" time="0.130604"></testcase>
<testcase classname="spec.integration.chief_transformer.vat_excises_spec" name="CHIEF: VAT and Excises Daily Update TAME TAME Daily Scenario 4: VAT applied to additional commodity Alt 1. Insert it results in VAT and Excise TAME Daily Scenario 4: VAT applied to additional commodity outcome creates new measure for commodity 0404040400" file="./spec/integration/chief_transformer/vat_excises_spec.rb" time="0.150895"></testcase>
<testcase classname="spec.integration.chief_transformer.vat_excises_spec" name="CHIEF: VAT and Excises Daily Update TAME TAME Daily Scenario 6: VAT removed Alt 1. Update, Update and delete it results in VAT and Excise TAME Daily Scenario 6: VAT removed outcome adds validity end date to commodity 0202020100" file="./spec/integration/chief_transformer/vat_excises_spec.rb" time="0.143716"></testcase>
<testcase classname="spec.integration.chief_transformer.vat_excises_spec" name="CHIEF: VAT and Excises Daily Update TAME TAME Daily Scenario 6: VAT removed Alt 1. Update, Update and delete it results in VAT and Excise TAME Daily Scenario 6: VAT removed outcome keeps three measures in the database" file="./spec/integration/chief_transformer/vat_excises_spec.rb" time="0.175458"></testcase>
<testcase classname="spec.integration.chief_transformer.vat_excises_spec" name="CHIEF: VAT and Excises Daily Update TAME TAME Daily Scenario 6: VAT removed Alt 1. Update, Update and delete it results in VAT and Excise TAME Daily Scenario 6: VAT removed outcome adds validity end date to commodity 0303030300" file="./spec/integration/chief_transformer/vat_excises_spec.rb" time="0.134808"></testcase>
<testcase classname="spec.integration.chief_transformer.vat_excises_spec" name="CHIEF: VAT and Excises Daily Update TAME TAME Daily Scenario 6: VAT removed Alt 1. Update, Update and delete it results in VAT and Excise TAME Daily Scenario 6: VAT removed outcome adds validity end date to commodity 0101010100" file="./spec/integration/chief_transformer/vat_excises_spec.rb" time="0.168392"></testcase>
<testcase classname="spec.integration.chief_transformer.vat_excises_spec" name="CHIEF: VAT and Excises Daily Update TAME TAME Daily Scenario 6: VAT removed Alt 5. One TAME deletion and Three MFCM Deletions it results in VAT and Excise TAME Daily Scenario 6: VAT removed outcome keeps three measures in the database" file="./spec/integration/chief_transformer/vat_excises_spec.rb" time="0.177745"></testcase>
<testcase classname="spec.integration.chief_transformer.vat_excises_spec" name="CHIEF: VAT and Excises Daily Update TAME TAME Daily Scenario 6: VAT removed Alt 5. One TAME deletion and Three MFCM Deletions it results in VAT and Excise TAME Daily Scenario 6: VAT removed outcome adds validity end date to commodity 0202020100" file="./spec/integration/chief_transformer/vat_excises_spec.rb" time="0.146913"></testcase>
<testcase classname="spec.integration.chief_transformer.vat_excises_spec" name="CHIEF: VAT and Excises Daily Update TAME TAME Daily Scenario 6: VAT removed Alt 5. One TAME deletion and Three MFCM Deletions it results in VAT and Excise TAME Daily Scenario 6: VAT removed outcome adds validity end date to commodity 0303030300" file="./spec/integration/chief_transformer/vat_excises_spec.rb" time="0.174083"></testcase>
<testcase classname="spec.integration.chief_transformer.vat_excises_spec" name="CHIEF: VAT and Excises Daily Update TAME TAME Daily Scenario 6: VAT removed Alt 5. One TAME deletion and Three MFCM Deletions it results in VAT and Excise TAME Daily Scenario 6: VAT removed outcome adds validity end date to commodity 0101010100" file="./spec/integration/chief_transformer/vat_excises_spec.rb" time="0.164877"></testcase>
<testcase classname="spec.integration.chief_transformer.vat_excises_spec" name="CHIEF: VAT and Excises Daily Update TAME TAME Daily Scenario 6: VAT removed Alt 4. Three Deletions it results in VAT and Excise TAME Daily Scenario 6: VAT removed outcome adds validity end date to commodity 0202020100" file="./spec/integration/chief_transformer/vat_excises_spec.rb" time="0.144796"></testcase>
<testcase classname="spec.integration.chief_transformer.vat_excises_spec" name="CHIEF: VAT and Excises Daily Update TAME TAME Daily Scenario 6: VAT removed Alt 4. Three Deletions it results in VAT and Excise TAME Daily Scenario 6: VAT removed outcome adds validity end date to commodity 0303030300" file="./spec/integration/chief_transformer/vat_excises_spec.rb" time="0.150516"></testcase>
<testcase classname="spec.integration.chief_transformer.vat_excises_spec" name="CHIEF: VAT and Excises Daily Update TAME TAME Daily Scenario 6: VAT removed Alt 4. Three Deletions it results in VAT and Excise TAME Daily Scenario 6: VAT removed outcome keeps three measures in the database" file="./spec/integration/chief_transformer/vat_excises_spec.rb" time="0.147189"></testcase>
<testcase classname="spec.integration.chief_transformer.vat_excises_spec" name="CHIEF: VAT and Excises Daily Update TAME TAME Daily Scenario 6: VAT removed Alt 4. Three Deletions it results in VAT and Excise TAME Daily Scenario 6: VAT removed outcome adds validity end date to commodity 0101010100" file="./spec/integration/chief_transformer/vat_excises_spec.rb" time="0.173484"></testcase>
<testcase classname="spec.integration.chief_transformer.vat_excises_spec" name="CHIEF: VAT and Excises Daily Update TAME TAME Daily Scenario 1: Changed VAT rate Alt 3. Delete and Insert it results in VAT and Excise TAME Daily Scenario 1: Changed VAT rate outcome adds end date to measure 0202020200" file="./spec/integration/chief_transformer/vat_excises_spec.rb" time="0.149211"></testcase>
<testcase classname="spec.integration.chief_transformer.vat_excises_spec" name="CHIEF: VAT and Excises Daily Update TAME TAME Daily Scenario 1: Changed VAT rate Alt 3. Delete and Insert it results in VAT and Excise TAME Daily Scenario 1: Changed VAT rate outcome creates new Measure for 0101010100 with duty amount of 17%" file="./spec/integration/chief_transformer/vat_excises_spec.rb" time="0.172208"></testcase>
<testcase classname="spec.integration.chief_transformer.vat_excises_spec" name="CHIEF: VAT and Excises Daily Update TAME TAME Daily Scenario 1: Changed VAT rate Alt 3. Delete and Insert it results in VAT and Excise TAME Daily Scenario 1: Changed VAT rate outcome creates new Measure for 0202020200 with duty amount of 17%" file="./spec/integration/chief_transformer/vat_excises_spec.rb" time="0.172087"></testcase>
<testcase classname="spec.integration.chief_transformer.vat_excises_spec" name="CHIEF: VAT and Excises Daily Update TAME TAME Daily Scenario 1: Changed VAT rate Alt 3. Delete and Insert it results in VAT and Excise TAME Daily Scenario 1: Changed VAT rate outcome increases Duty Amount to 17% for measure 0303030300" file="./spec/integration/chief_transformer/vat_excises_spec.rb" time="0.150251"></testcase>
<testcase classname="spec.integration.chief_transformer.vat_excises_spec" name="CHIEF: VAT and Excises Daily Update TAME TAME Daily Scenario 1: Changed VAT rate Alt 3. Delete and Insert it results in VAT and Excise TAME Daily Scenario 1: Changed VAT rate outcome creates two new measures" file="./spec/integration/chief_transformer/vat_excises_spec.rb" time="0.179914"></testcase>
<testcase classname="spec.integration.chief_transformer.vat_excises_spec" name="CHIEF: VAT and Excises Daily Update TAME TAME Daily Scenario 1: Changed VAT rate Alt 3. Delete and Insert it results in VAT and Excise TAME Daily Scenario 1: Changed VAT rate outcome adds end date to measure 0101010100" file="./spec/integration/chief_transformer/vat_excises_spec.rb" time="0.186091"></testcase>
<testcase classname="spec.integration.chief_transformer.vat_excises_spec" name="CHIEF: VAT and Excises Daily Update TAME TAME Daily Scenario 1: Changed VAT rate Alt 2. Update it results in VAT and Excise TAME Daily Scenario 1: Changed VAT rate outcome adds end date to measure 0202020200" file="./spec/integration/chief_transformer/vat_excises_spec.rb" time="0.179273"></testcase>
<testcase classname="spec.integration.chief_transformer.vat_excises_spec" name="CHIEF: VAT and Excises Daily Update TAME TAME Daily Scenario 1: Changed VAT rate Alt 2. Update it results in VAT and Excise TAME Daily Scenario 1: Changed VAT rate outcome increases Duty Amount to 17% for measure 0303030300" file="./spec/integration/chief_transformer/vat_excises_spec.rb" time="0.149352"></testcase>
<testcase classname="spec.integration.chief_transformer.vat_excises_spec" name="CHIEF: VAT and Excises Daily Update TAME TAME Daily Scenario 1: Changed VAT rate Alt 2. Update it results in VAT and Excise TAME Daily Scenario 1: Changed VAT rate outcome creates new Measure for 0101010100 with duty amount of 17%" file="./spec/integration/chief_transformer/vat_excises_spec.rb" time="0.178703"></testcase>
<testcase classname="spec.integration.chief_transformer.vat_excises_spec" name="CHIEF: VAT and Excises Daily Update TAME TAME Daily Scenario 1: Changed VAT rate Alt 2. Update it results in VAT and Excise TAME Daily Scenario 1: Changed VAT rate outcome creates new Measure for 0202020200 with duty amount of 17%" file="./spec/integration/chief_transformer/vat_excises_spec.rb" time="0.182704"></testcase>
<testcase classname="spec.integration.chief_transformer.vat_excises_spec" name="CHIEF: VAT and Excises Daily Update TAME TAME Daily Scenario 1: Changed VAT rate Alt 2. Update it results in VAT and Excise TAME Daily Scenario 1: Changed VAT rate outcome creates two new measures" file="./spec/integration/chief_transformer/vat_excises_spec.rb" time="0.148271"></testcase>
<testcase classname="spec.integration.chief_transformer.vat_excises_spec" name="CHIEF: VAT and Excises Daily Update TAME TAME Daily Scenario 1: Changed VAT rate Alt 2. Update it results in VAT and Excise TAME Daily Scenario 1: Changed VAT rate outcome adds end date to measure 0101010100" file="./spec/integration/chief_transformer/vat_excises_spec.rb" time="0.175592"></testcase>
<testcase classname="spec.integration.chief_transformer.vat_excises_spec" name="CHIEF: VAT and Excises Daily Update TAME TAME Daily Scenario 1: Changed VAT rate Alt 1. Update and Insert it results in VAT and Excise TAME Daily Scenario 1: Changed VAT rate outcome creates new Measure for 0202020200 with duty amount of 17%" file="./spec/integration/chief_transformer/vat_excises_spec.rb" time="0.185147"></testcase>
<testcase classname="spec.integration.chief_transformer.vat_excises_spec" name="CHIEF: VAT and Excises Daily Update TAME TAME Daily Scenario 1: Changed VAT rate Alt 1. Update and Insert it results in VAT and Excise TAME Daily Scenario 1: Changed VAT rate outcome increases Duty Amount to 17% for measure 0303030300" file="./spec/integration/chief_transformer/vat_excises_spec.rb" time="0.173212"></testcase>
<testcase classname="spec.integration.chief_transformer.vat_excises_spec" name="CHIEF: VAT and Excises Daily Update TAME TAME Daily Scenario 1: Changed VAT rate Alt 1. Update and Insert it results in VAT and Excise TAME Daily Scenario 1: Changed VAT rate outcome adds end date to measure 0202020200" file="./spec/integration/chief_transformer/vat_excises_spec.rb" time="0.155455"></testcase>
<testcase classname="spec.integration.chief_transformer.vat_excises_spec" name="CHIEF: VAT and Excises Daily Update TAME TAME Daily Scenario 1: Changed VAT rate Alt 1. Update and Insert it results in VAT and Excise TAME Daily Scenario 1: Changed VAT rate outcome creates new Measure for 0101010100 with duty amount of 17%" file="./spec/integration/chief_transformer/vat_excises_spec.rb" time="0.188829"></testcase>
<testcase classname="spec.integration.chief_transformer.vat_excises_spec" name="CHIEF: VAT and Excises Daily Update TAME TAME Daily Scenario 1: Changed VAT rate Alt 1. Update and Insert it results in VAT and Excise TAME Daily Scenario 1: Changed VAT rate outcome adds end date to measure 0101010100" file="./spec/integration/chief_transformer/vat_excises_spec.rb" time="0.182860"></testcase>
<testcase classname="spec.integration.chief_transformer.vat_excises_spec" name="CHIEF: VAT and Excises Daily Update TAME TAME Daily Scenario 1: Changed VAT rate Alt 1. Update and Insert it results in VAT and Excise TAME Daily Scenario 1: Changed VAT rate outcome creates two new measures" file="./spec/integration/chief_transformer/vat_excises_spec.rb" time="0.183314"></testcase>
<testcase classname="spec.integration.chief_transformer.vat_excises_spec" name="CHIEF: VAT and Excises Daily Update TAME TAME Daily Scenario 5: VAT applied to incorrect commodity Alt 1. Deletion it results in VAT and Excise TAME Daily Scenario 5: VAT applied to incorrect commodity outcome adds end date to commodity 0101010100" file="./spec/integration/chief_transformer/vat_excises_spec.rb" time="0.130982"></testcase>
<testcase classname="spec.integration.chief_transformer.vat_excises_spec" name="CHIEF: VAT and Excises Daily Update TAMF creates measure for 0101010100 with two measure components for duty amount of 20% and max 1kg" file="./spec/integration/chief_transformer/vat_excises_spec.rb" time="0.194771"></testcase>
<testcase classname="spec.integration.chief_transformer.vat_excises_spec" name="CHIEF: VAT and Excises Daily Update TAMF creates measure for 0303030300 with two measure components for duty amount of 20% and max 1kg" file="./spec/integration/chief_transformer/vat_excises_spec.rb" time="0.198368"></testcase>
<testcase classname="spec.integration.chief_transformer.vat_excises_spec" name="CHIEF: VAT and Excises Daily Update TAMF create measure for 0202020200 with one measure component, duty amount of 10%" file="./spec/integration/chief_transformer/vat_excises_spec.rb" time="0.201395"></testcase>
<testcase classname="spec.integration.chief_transformer.vat_excises_spec" name="CHIEF: VAT and Excises Daily Update TAMF create measure for 0303030300 with one measure component, duty amount of 10%" file="./spec/integration/chief_transformer/vat_excises_spec.rb" time="0.200118"></testcase>
<testcase classname="spec.integration.chief_transformer.vat_excises_spec" name="CHIEF: VAT and Excises Daily Update TAMF creates measure for 0202020200 with two measure components for duty amount of 20% and max 1kg" file="./spec/integration/chief_transformer/vat_excises_spec.rb" time="0.200573"></testcase>
<testcase classname="spec.integration.chief_transformer.vat_excises_spec" name="CHIEF: VAT and Excises Daily Update TAMF create measure for 0101010100 with one measure component, duty amount of 10%" file="./spec/integration/chief_transformer/vat_excises_spec.rb" time="0.204244"></testcase>
<testcase classname="spec.integration.chief_transformer.vat_excises_spec" name="CHIEF: VAT and Excises Daily Update TAMF TAMF Daily Scenario 2: Missing max amount Alt 1. Update it results in VAT and Excise TAMF Daily Scenario 2: Missing max amount outcome adds additional duty amount of 2kg to 0202020200" file="./spec/integration/chief_transformer/vat_excises_spec.rb" time="0.202946"></testcase>
<testcase classname="spec.integration.chief_transformer.vat_excises_spec" name="CHIEF: VAT and Excises Daily Update TAMF TAMF Daily Scenario 2: Missing max amount Alt 1. Update it results in VAT and Excise TAMF Daily Scenario 2: Missing max amount outcome adds additional duty amount of 2kg to 0303030300" file="./spec/integration/chief_transformer/vat_excises_spec.rb" time="0.232133"></testcase>
<testcase classname="spec.integration.chief_transformer.vat_excises_spec" name="CHIEF: VAT and Excises Daily Update TAMF TAMF Daily Scenario 2: Missing max amount Alt 1. Update it results in VAT and Excise TAMF Daily Scenario 2: Missing max amount outcome does not add new measures" file="./spec/integration/chief_transformer/vat_excises_spec.rb" time="0.227685"></testcase>
<testcase classname="spec.integration.chief_transformer.vat_excises_spec" name="CHIEF: VAT and Excises Daily Update TAMF TAMF Daily Scenario 2: Missing max amount Alt 1. Update it results in VAT and Excise TAMF Daily Scenario 2: Missing max amount outcome adds additional duty amount of 2kg to 0101010100" file="./spec/integration/chief_transformer/vat_excises_spec.rb" time="0.225122"></testcase>
<testcase classname="spec.integration.chief_transformer.vat_excises_spec" name="CHIEF: VAT and Excises Daily Update TAMF TAMF Daily Scenario 1: Added max amount Alt 1. Update and Insert it results in VAT and Excise TAMF Daily Scenario 1: Added max amount outcome adds additional measure component to 0303030300" file="./spec/integration/chief_transformer/vat_excises_spec.rb" time="0.329001"></testcase>
<testcase classname="spec.integration.chief_transformer.vat_excises_spec" name="CHIEF: VAT and Excises Daily Update TAMF TAMF Daily Scenario 1: Added max amount Alt 1. Update and Insert it results in VAT and Excise TAMF Daily Scenario 1: Added max amount outcome adds two new measures" file="./spec/integration/chief_transformer/vat_excises_spec.rb" time="0.395270"></testcase>
<testcase classname="spec.integration.chief_transformer.vat_excises_spec" name="CHIEF: VAT and Excises Daily Update TAMF TAMF Daily Scenario 1: Added max amount Alt 1. Update and Insert it results in VAT and Excise TAMF Daily Scenario 1: Added max amount outcome creates new measure  for 0202020200 with measure components for duty amount 10% and 2kg" file="./spec/integration/chief_transformer/vat_excises_spec.rb" time="0.278636"></testcase>
<testcase classname="spec.integration.chief_transformer.vat_excises_spec" name="CHIEF: VAT and Excises Daily Update TAMF TAMF Daily Scenario 1: Added max amount Alt 1. Update and Insert it results in VAT and Excise TAMF Daily Scenario 1: Added max amount outcome creates new measure  for 0101010100 with measure components for duty amount 10% and 2kg" file="./spec/integration/chief_transformer/vat_excises_spec.rb" time="0.283961"></testcase>
<testcase classname="spec.integration.chief_transformer.vat_excises_spec" name="CHIEF: VAT and Excises Daily Update TAMF TAMF Daily Scenario 1: Added max amount Alt 1. Update and Insert it results in VAT and Excise TAMF Daily Scenario 1: Added max amount outcome adds end date to measure for 0101010100" file="./spec/integration/chief_transformer/vat_excises_spec.rb" time="0.232840"></testcase>
<testcase classname="spec.integration.chief_transformer.vat_excises_spec" name="CHIEF: VAT and Excises Daily Update TAMF TAMF Daily Scenario 1: Added max amount Alt 1. Update and Insert it results in VAT and Excise TAMF Daily Scenario 1: Added max amount outcome adds end date to measure for 0202020200" file="./spec/integration/chief_transformer/vat_excises_spec.rb" time="0.273663"></testcase>
<testcase classname="spec.integration.chief_transformer.vat_excises_spec" name="CHIEF: VAT and Excises Daily Update TAMF TAMF Daily Scenario 1: Added max amount Alt 2. Update it results in VAT and Excise TAMF Daily Scenario 1: Added max amount outcome adds two new measures" file="./spec/integration/chief_transformer/vat_excises_spec.rb" time="0.239562"></testcase>
<testcase classname="spec.integration.chief_transformer.vat_excises_spec" name="CHIEF: VAT and Excises Daily Update TAMF TAMF Daily Scenario 1: Added max amount Alt 2. Update it results in VAT and Excise TAMF Daily Scenario 1: Added max amount outcome adds additional measure component to 0303030300" file="./spec/integration/chief_transformer/vat_excises_spec.rb" time="0.274327"></testcase>
<testcase classname="spec.integration.chief_transformer.vat_excises_spec" name="CHIEF: VAT and Excises Daily Update TAMF TAMF Daily Scenario 1: Added max amount Alt 2. Update it results in VAT and Excise TAMF Daily Scenario 1: Added max amount outcome creates new measure  for 0202020200 with measure components for duty amount 10% and 2kg" file="./spec/integration/chief_transformer/vat_excises_spec.rb" time="0.273135"></testcase>
<testcase classname="spec.integration.chief_transformer.vat_excises_spec" name="CHIEF: VAT and Excises Daily Update TAMF TAMF Daily Scenario 1: Added max amount Alt 2. Update it results in VAT and Excise TAMF Daily Scenario 1: Added max amount outcome creates new measure  for 0101010100 with measure components for duty amount 10% and 2kg" file="./spec/integration/chief_transformer/vat_excises_spec.rb" time="0.249583"></testcase>
<testcase classname="spec.integration.chief_transformer.vat_excises_spec" name="CHIEF: VAT and Excises Daily Update TAMF TAMF Daily Scenario 1: Added max amount Alt 2. Update it results in VAT and Excise TAMF Daily Scenario 1: Added max amount outcome adds end date to measure for 0101010100" file="./spec/integration/chief_transformer/vat_excises_spec.rb" time="0.269308"></testcase>
<testcase classname="spec.integration.chief_transformer.vat_excises_spec" name="CHIEF: VAT and Excises Daily Update TAMF TAMF Daily Scenario 1: Added max amount Alt 2. Update it results in VAT and Excise TAMF Daily Scenario 1: Added max amount outcome adds end date to measure for 0202020200" file="./spec/integration/chief_transformer/vat_excises_spec.rb" time="0.274108"></testcase>
<testcase classname="spec.integration.chief_transformer.vat_excises_spec" name="CHIEF: VAT and Excises Daily Update TAMF TAMF Daily Scenario 1: Added max amount Alt 3. Update it results in VAT and Excise TAMF Daily Scenario 1: Added max amount outcome creates new measure  for 0202020200 with measure components for duty amount 10% and 2kg" file="./spec/integration/chief_transformer/vat_excises_spec.rb" time="0.256214"></testcase>
<testcase classname="spec.integration.chief_transformer.vat_excises_spec" name="CHIEF: VAT and Excises Daily Update TAMF TAMF Daily Scenario 1: Added max amount Alt 3. Update it results in VAT and Excise TAMF Daily Scenario 1: Added max amount outcome adds end date to measure for 0101010100" file="./spec/integration/chief_transformer/vat_excises_spec.rb" time="0.271648"></testcase>
<testcase classname="spec.integration.chief_transformer.vat_excises_spec" name="CHIEF: VAT and Excises Daily Update TAMF TAMF Daily Scenario 1: Added max amount Alt 3. Update it results in VAT and Excise TAMF Daily Scenario 1: Added max amount outcome adds two new measures" file="./spec/integration/chief_transformer/vat_excises_spec.rb" time="0.278073"></testcase>
<testcase classname="spec.integration.chief_transformer.vat_excises_spec" name="CHIEF: VAT and Excises Daily Update TAMF TAMF Daily Scenario 1: Added max amount Alt 3. Update it results in VAT and Excise TAMF Daily Scenario 1: Added max amount outcome adds additional measure component to 0303030300" file="./spec/integration/chief_transformer/vat_excises_spec.rb" time="0.251498"></testcase>
<testcase classname="spec.integration.chief_transformer.vat_excises_spec" name="CHIEF: VAT and Excises Daily Update TAMF TAMF Daily Scenario 1: Added max amount Alt 3. Update it results in VAT and Excise TAMF Daily Scenario 1: Added max amount outcome adds end date to measure for 0202020200" file="./spec/integration/chief_transformer/vat_excises_spec.rb" time="0.278952"></testcase>
<testcase classname="spec.integration.chief_transformer.vat_excises_spec" name="CHIEF: VAT and Excises Daily Update TAMF TAMF Daily Scenario 1: Added max amount Alt 3. Update it results in VAT and Excise TAMF Daily Scenario 1: Added max amount outcome creates new measure  for 0101010100 with measure components for duty amount 10% and 2kg" file="./spec/integration/chief_transformer/vat_excises_spec.rb" time="0.278178"></testcase>
<testcase classname="spec.integration.chief_transformer.vat_excises_spec" name="CHIEF: VAT and Excises Daily Update TAMF TAMF Daily Scenario 3: Removed max amount Alt 3. Delete and Insert behaves like VAT and Excise TAMF Daily Scenario 3: Removed max amount outcome removes measure component (1kg) from 0303030300" file="./spec/integration/chief_transformer/vat_excises_spec.rb" time="0.245217"></testcase>
<testcase classname="spec.integration.chief_transformer.vat_excises_spec" name="CHIEF: VAT and Excises Daily Update TAMF TAMF Daily Scenario 3: Removed max amount Alt 3. Delete and Insert behaves like VAT and Excise TAMF Daily Scenario 3: Removed max amount outcome creates new measure for 0101010100 with duty amount of 20%" file="./spec/integration/chief_transformer/vat_excises_spec.rb" time="0.270599"></testcase>
<testcase classname="spec.integration.chief_transformer.vat_excises_spec" name="CHIEF: VAT and Excises Daily Update TAMF TAMF Daily Scenario 3: Removed max amount Alt 3. Delete and Insert behaves like VAT and Excise TAMF Daily Scenario 3: Removed max amount outcome adds validity end date to 0202020200 measure" file="./spec/integration/chief_transformer/vat_excises_spec.rb" time="0.281323"></testcase>
<testcase classname="spec.integration.chief_transformer.vat_excises_spec" name="CHIEF: VAT and Excises Daily Update TAMF TAMF Daily Scenario 3: Removed max amount Alt 3. Delete and Insert behaves like VAT and Excise TAMF Daily Scenario 3: Removed max amount outcome creates new measure for 0202020200 with duty amount of 20%" file="./spec/integration/chief_transformer/vat_excises_spec.rb" time="0.256160"></testcase>
<testcase classname="spec.integration.chief_transformer.vat_excises_spec" name="CHIEF: VAT and Excises Daily Update TAMF TAMF Daily Scenario 3: Removed max amount Alt 3. Delete and Insert behaves like VAT and Excise TAMF Daily Scenario 3: Removed max amount outcome creates two new measures" file="./spec/integration/chief_transformer/vat_excises_spec.rb" time="0.275980"></testcase>
<testcase classname="spec.integration.chief_transformer.vat_excises_spec" name="CHIEF: VAT and Excises Daily Update TAMF TAMF Daily Scenario 3: Removed max amount Alt 3. Delete and Insert behaves like VAT and Excise TAMF Daily Scenario 3: Removed max amount outcome adds validity end date to 0101010100 measure" file="./spec/integration/chief_transformer/vat_excises_spec.rb" time="0.268056"></testcase>
<testcase classname="spec.integration.chief_transformer.vat_excises_spec" name="CHIEF: VAT and Excises Daily Update TAMF TAMF Daily Scenario 3: Removed max amount Alt 2. Update behaves like VAT and Excise TAMF Daily Scenario 3: Removed max amount outcome adds validity end date to 0101010100 measure" file="./spec/integration/chief_transformer/vat_excises_spec.rb" time="0.269984"></testcase>
<testcase classname="spec.integration.chief_transformer.vat_excises_spec" name="CHIEF: VAT and Excises Daily Update TAMF TAMF Daily Scenario 3: Removed max amount Alt 2. Update behaves like VAT and Excise TAMF Daily Scenario 3: Removed max amount outcome creates new measure for 0202020200 with duty amount of 20%" file="./spec/integration/chief_transformer/vat_excises_spec.rb" time="0.250500"></testcase>
<testcase classname="spec.integration.chief_transformer.vat_excises_spec" name="CHIEF: VAT and Excises Daily Update TAMF TAMF Daily Scenario 3: Removed max amount Alt 2. Update behaves like VAT and Excise TAMF Daily Scenario 3: Removed max amount outcome creates new measure for 0101010100 with duty amount of 20%" file="./spec/integration/chief_transformer/vat_excises_spec.rb" time="0.278507"></testcase>
<testcase classname="spec.integration.chief_transformer.vat_excises_spec" name="CHIEF: VAT and Excises Daily Update TAMF TAMF Daily Scenario 3: Removed max amount Alt 2. Update behaves like VAT and Excise TAMF Daily Scenario 3: Removed max amount outcome removes measure component (1kg) from 0303030300" file="./spec/integration/chief_transformer/vat_excises_spec.rb" time="0.238129"></testcase>
<testcase classname="spec.integration.chief_transformer.vat_excises_spec" name="CHIEF: VAT and Excises Daily Update TAMF TAMF Daily Scenario 3: Removed max amount Alt 2. Update behaves like VAT and Excise TAMF Daily Scenario 3: Removed max amount outcome creates two new measures" file="./spec/integration/chief_transformer/vat_excises_spec.rb" time="0.277400"></testcase>
<testcase classname="spec.integration.chief_transformer.vat_excises_spec" name="CHIEF: VAT and Excises Daily Update TAMF TAMF Daily Scenario 3: Removed max amount Alt 2. Update behaves like VAT and Excise TAMF Daily Scenario 3: Removed max amount outcome adds validity end date to 0202020200 measure" file="./spec/integration/chief_transformer/vat_excises_spec.rb" time="0.270838"></testcase>
<testcase classname="spec.integration.chief_transformer.vat_excises_spec" name="CHIEF: VAT and Excises Daily Update TAMF TAMF Daily Scenario 3: Removed max amount Alt 1. Update and Insert behaves like VAT and Excise TAMF Daily Scenario 3: Removed max amount outcome adds validity end date to 0101010100 measure" file="./spec/integration/chief_transformer/vat_excises_spec.rb" time="0.258909"></testcase>
<testcase classname="spec.integration.chief_transformer.vat_excises_spec" name="CHIEF: VAT and Excises Daily Update TAMF TAMF Daily Scenario 3: Removed max amount Alt 1. Update and Insert behaves like VAT and Excise TAMF Daily Scenario 3: Removed max amount outcome removes measure component (1kg) from 0303030300" file="./spec/integration/chief_transformer/vat_excises_spec.rb" time="0.275138"></testcase>
<testcase classname="spec.integration.chief_transformer.vat_excises_spec" name="CHIEF: VAT and Excises Daily Update TAMF TAMF Daily Scenario 3: Removed max amount Alt 1. Update and Insert behaves like VAT and Excise TAMF Daily Scenario 3: Removed max amount outcome adds validity end date to 0202020200 measure" file="./spec/integration/chief_transformer/vat_excises_spec.rb" time="0.269459"></testcase>
<testcase classname="spec.integration.chief_transformer.vat_excises_spec" name="CHIEF: VAT and Excises Daily Update TAMF TAMF Daily Scenario 3: Removed max amount Alt 1. Update and Insert behaves like VAT and Excise TAMF Daily Scenario 3: Removed max amount outcome creates new measure for 0101010100 with duty amount of 20%" file="./spec/integration/chief_transformer/vat_excises_spec.rb" time="0.248022"></testcase>
<testcase classname="spec.integration.chief_transformer.vat_excises_spec" name="CHIEF: VAT and Excises Daily Update TAMF TAMF Daily Scenario 3: Removed max amount Alt 1. Update and Insert behaves like VAT and Excise TAMF Daily Scenario 3: Removed max amount outcome creates two new measures" file="./spec/integration/chief_transformer/vat_excises_spec.rb" time="0.281706"></testcase>
<testcase classname="spec.integration.chief_transformer.vat_excises_spec" name="CHIEF: VAT and Excises Daily Update TAMF TAMF Daily Scenario 3: Removed max amount Alt 1. Update and Insert behaves like VAT and Excise TAMF Daily Scenario 3: Removed max amount outcome creates new measure for 0202020200 with duty amount of 20%" file="./spec/integration/chief_transformer/vat_excises_spec.rb" time="0.283473"></testcase>
<testcase classname="spec.integration.chief_transformer.vat_excises_spec" name="CHIEF: VAT and Excises Unsupported Scenario 3: Insert and update in same daily file Alt 2. Insert it results in Unsupported Scenario 3: Insert and update in same daily file outcome creates measure for 0101010100 with duty rate of 15%" file="./spec/integration/chief_transformer/vat_excises_spec.rb" time="0.084016"></testcase>
<testcase classname="spec.integration.chief_transformer.vat_excises_spec" name="CHIEF: VAT and Excises Unsupported Scenario 3: Insert and update in same daily file Alt 1. Insert and Update it results in Unsupported Scenario 3: Insert and update in same daily file outcome creates measure for 0101010100 with duty rate of 15%" file="./spec/integration/chief_transformer/vat_excises_spec.rb" time="0.068127"></testcase>
<testcase classname="spec.models.chapter_spec" name="Chapter#number_indents defaults to zero" file="./spec/models/chapter_spec.rb" time="0.009909"></testcase>
<testcase classname="spec.models.chapter_spec" name="Chapter#to_param uses first two digits of goods_nomenclature_item_id as param" file="./spec/models/chapter_spec.rb" time="0.035587"></testcase>
<testcase classname="spec.models.chapter_spec" name="Chapter associations headings does not include hidden commodity" file="./spec/models/chapter_spec.rb" time="0.170821"></testcase>
<testcase classname="spec.models.chapter_spec" name="Chapter associations headings returns relevant by actual time headings" file="./spec/models/chapter_spec.rb" time="0.147139"></testcase>
<testcase classname="spec.models.chapter_spec" name="Chapter associations headings does not return heading that is irrelevant to given time" file="./spec/models/chapter_spec.rb" time="0.171371"></testcase>
<testcase classname="spec.models.chapter_spec" name="Chapter associations headings returns headings matched by part of own goods nomenclature item id" file="./spec/models/chapter_spec.rb" time="0.155223"></testcase>
<testcase classname="spec.models.chapter_spec" name="Chapter#relevant_headings includes suffix __000000" file="./spec/models/chapter_spec.rb" time="0.038650"></testcase>
<testcase classname="spec.models.chapter_spec" name="Chapter#relevant_headings includes short_code" file="./spec/models/chapter_spec.rb" time="0.022994"></testcase>
<testcase classname="spec.models.chapter_spec" name="Chapter#relevant_headings has valid format" file="./spec/models/chapter_spec.rb" time="0.024864"></testcase>
<testcase classname="spec.models.chapter_spec" name="Chapter#relevant_commodities has valid format" file="./spec/models/chapter_spec.rb" time="0.040073"></testcase>
<testcase classname="spec.models.chapter_spec" name="Chapter#relevant_commodities includes suffix __000000" file="./spec/models/chapter_spec.rb" time="0.023105"></testcase>
<testcase classname="spec.models.chapter_spec" name="Chapter#relevant_commodities includes short_code" file="./spec/models/chapter_spec.rb" time="0.022661"></testcase>
<testcase classname="spec.models.chapter_spec" name="Chapter first &amp; last heading #last_heading returns last heading ordered by goods_nomenclature_item_id" file="./spec/models/chapter_spec.rb" time="0.172891"></testcase>
<testcase classname="spec.models.chapter_spec" name="Chapter first &amp; last heading #headings_to returns last heading short_code" file="./spec/models/chapter_spec.rb" time="0.111464"></testcase>
<testcase classname="spec.models.chapter_spec" name="Chapter first &amp; last heading #first_heading returns first heading ordered by goods_nomenclature_item_id" file="./spec/models/chapter_spec.rb" time="0.114086"></testcase>
<testcase classname="spec.models.chapter_spec" name="Chapter first &amp; last heading #headings_from returns first heading short_code" file="./spec/models/chapter_spec.rb" time="0.160783"></testcase>
<testcase classname="spec.models.chapter_spec" name="Chapter.by_code returns chapters filtered by goods_nomenclature_item_id" file="./spec/models/chapter_spec.rb" time="0.043656"></testcase>
<testcase classname="spec.models.chapter_spec" name="Chapter#short_code returns first 2 chars of goods_nomenclature_item_id" file="./spec/models/chapter_spec.rb" time="0.042800"></testcase>
<testcase classname="spec.models.chapter_spec" name="Chapter#to_param returns short_code" file="./spec/models/chapter_spec.rb" time="0.025494"></testcase>
<testcase classname="spec.models.chapter_spec" name="Chapter#changes returns Sequel Dataset" file="./spec/models/chapter_spec.rb" time="0.023275"></testcase>
<testcase classname="spec.models.chapter_spec" name="Chapter#changes with Chapter changes includes Chapter changes" file="./spec/models/chapter_spec.rb" time="0.037575"></testcase>
<testcase classname="spec.models.chapter_spec" name="Chapter#changes with Chapter changes with Heading changes includes Heading changes" file="./spec/models/chapter_spec.rb" time="0.071930"></testcase>
<testcase classname="spec.models.chapter_spec" name="Chapter#changes with Chapter changes with Heading changes with associated Commodity changes includes Commodity changes" file="./spec/models/chapter_spec.rb" time="0.118713"></testcase>
<testcase classname="spec.models.chapter_spec" name="Chapter#changes with Chapter changes with Heading changes with associated Commodity changes with associated Measure (through Commodity) changes includes Measure changes" file="./spec/models/chapter_spec.rb" time="0.145341"></testcase>
<testcase classname="spec.factories_spec" name="monetary_exchange_rate factory is valid" file="./spec/factories_spec.rb" time="0.005795"></testcase>
<testcase classname="spec.factories_spec" name="fts_regulation factory is valid" file="./spec/factories_spec.rb" time="0.004847"></testcase>
<testcase classname="spec.controllers.api.v2.headings_controller_spec" name="Api::V2::HeadingsController non-declarable heading when record is not present returns not found if record was not found" file="./spec/controllers/api/v2/headings_controller_spec.rb" time="0.160029"></testcase>
<testcase classname="spec.controllers.api.v2.headings_controller_spec" name="Api::V2::HeadingsController non-declarable heading when record is present and commodity has hidden commodities does not include hidden commodities in the response" file="./spec/controllers/api/v2/headings_controller_spec.rb" time="1.919976"></testcase>
<testcase classname="spec.controllers.api.v2.headings_controller_spec" name="Api::V2::HeadingsController non-declarable heading when record is present returns rendered record" file="./spec/controllers/api/v2/headings_controller_spec.rb" time="1.573706"></testcase>
<testcase classname="spec.controllers.api.v2.headings_controller_spec" name="Api::V2::HeadingsController declarable heading when record is not present returns not found if record was not found" file="./spec/controllers/api/v2/headings_controller_spec.rb" time="0.116741"></testcase>
<testcase classname="spec.controllers.api.v2.headings_controller_spec" name="Api::V2::HeadingsController declarable heading when record is hidden returns not found" file="./spec/controllers/api/v2/headings_controller_spec.rb" time="0.136312"></testcase>
<testcase classname="spec.controllers.api.v2.headings_controller_spec" name="Api::V2::HeadingsController declarable heading when record is present returns rendered record" file="./spec/controllers/api/v2/headings_controller_spec.rb" time="0.188545"></testcase>
<testcase classname="spec.services.quota_search_service_spec" name="QuotaSearchService quota search by years finds quota definition by year" file="./spec/services/quota_search_service_spec.rb" time="0.148937"></testcase>
<testcase classname="spec.services.quota_search_service_spec" name="QuotaSearchService quota search by years does not find quota definition by wrong year" file="./spec/services/quota_search_service_spec.rb" time="0.106969"></testcase>
<testcase classname="spec.services.quota_search_service_spec" name="QuotaSearchService quota search by years finds quota definition by multiple years" file="./spec/services/quota_search_service_spec.rb" time="0.098771"></testcase>
<testcase classname="spec.services.quota_search_service_spec" name="QuotaSearchService quota search by status blocked finds quota definition by blocked status" file="./spec/services/quota_search_service_spec.rb" time="0.059370"></testcase>
<testcase classname="spec.services.quota_search_service_spec" name="QuotaSearchService quota search by status blocked does not find quota definition by wrong blocked status" file="./spec/services/quota_search_service_spec.rb" time="0.087187"></testcase>
<testcase classname="spec.services.quota_search_service_spec" name="QuotaSearchService quota search by status not exhausted does not find quota definition by wrong not exhausted status" file="./spec/services/quota_search_service_spec.rb" time="0.092370"></testcase>
<testcase classname="spec.services.quota_search_service_spec" name="QuotaSearchService quota search by status not exhausted finds quota definition by not exhausted status" file="./spec/services/quota_search_service_spec.rb" time="0.079314"></testcase>
<testcase classname="spec.services.quota_search_service_spec" name="QuotaSearchService quota search by status not exhausted finds quota definition by not exhausted status with encoded values" file="./spec/services/quota_search_service_spec.rb" time="0.078592"></testcase>
<testcase classname="spec.services.quota_search_service_spec" name="QuotaSearchService quota search by status not blocked does not find quota definition by wrong not blocked status" file="./spec/services/quota_search_service_spec.rb" time="0.061890"></testcase>
<testcase classname="spec.services.quota_search_service_spec" name="QuotaSearchService quota search by status not blocked finds quota definition by not blocked status" file="./spec/services/quota_search_service_spec.rb" time="0.082747"></testcase>
[...]
<testcase classname="spec.formatters.requirement_duty_expression_formatter_spec" name="RequirementDutyExpressionFormatter.format monetary unit and measurement unit are present properly formats result" file="./spec/formatters/requirement_duty_expression_formatter_spec.rb" time="0.019491"></testcase>
<testcase classname="spec.formatters.requirement_duty_expression_formatter_spec" name="RequirementDutyExpressionFormatter.format monetary unit and measurement unit are present does not check the currency" file="./spec/formatters/requirement_duty_expression_formatter_spec.rb" time="0.016822"></testcase>
<testcase classname="spec.formatters.requirement_duty_expression_formatter_spec" name="RequirementDutyExpressionFormatter.format monetary unit and measurement unit are present when formatted in html properly formats result" file="./spec/formatters/requirement_duty_expression_formatter_spec.rb" time="0.009706"></testcase>
<testcase classname="spec.formatters.requirement_duty_expression_formatter_spec" name="RequirementDutyExpressionFormatter.format measurement unit is present properly formats output" file="./spec/formatters/requirement_duty_expression_formatter_spec.rb" time="0.008589"></testcase>
<testcase classname="spec.unit.trade_tariff_backend.number_formatter_spec" name="TradeTariffBackend::NumberFormatter#number_with_precision with minimum_decimal_points option adds leading zero decimal numbers up to specified count" file="./spec/unit/trade_tariff_backend/number_formatter_spec.rb" time="0.003145"></testcase>
<testcase classname="spec.unit.trade_tariff_backend.number_formatter_spec" name="TradeTariffBackend::NumberFormatter#number_with_precision with minimum_decimal_points option with stripping of insignificant zeros enabled strips insignificant zeroes up to minimum decimal points size" file="./spec/unit/trade_tariff_backend/number_formatter_spec.rb" time="0.002589"></testcase>
<testcase classname="spec.unit.trade_tariff_backend.number_formatter_spec" name="TradeTariffBackend::NumberFormatter#number_with_precision with minimum_decimal_points option with precision specified rounds to specified precision and adds leading decimal numbers if needed" file="./spec/unit/trade_tariff_backend/number_formatter_spec.rb" time="0.002105"></testcase>
<testcase classname="spec.unit.tariff_synchronizer.tariff_updates_requester_spec" name="TariffSynchronizer::TariffUpdatesRequester.perform returns response object if the request is successful" file="./spec/unit/tariff_synchronizer/tariff_updates_requester_spec.rb" time="0.002757"></testcase>
<testcase classname="spec.unit.tariff_synchronizer.tariff_updates_requester_spec" name="TariffSynchronizer::TariffUpdatesRequester.perform host resolution error raises DownloadException" file="./spec/unit/tariff_synchronizer/tariff_updates_requester_spec.rb" time="0.003106"></testcase>
<testcase classname="spec.unit.tariff_synchronizer.tariff_updates_requester_spec" name="TariffSynchronizer::TariffUpdatesRequester.perform not valid request returns retry_count_exceeded? as true when not valid request" file="./spec/unit/tariff_synchronizer/tariff_updates_requester_spec.rb" time="0.002696"></testcase>
<testcase classname="spec.unit.tariff_synchronizer.tariff_updates_requester_spec" name="TariffSynchronizer::TariffUpdatesRequester.perform not valid request logs an info event" file="./spec/unit/tariff_synchronizer/tariff_updates_requester_spec.rb" time="0.002862"></testcase>
<testcase classname="spec.unit.tariff_synchronizer.tariff_updates_requester_spec" name="TariffSynchronizer::TariffUpdatesRequester.perform partial content received raises DownloadException" file="./spec/unit/tariff_synchronizer/tariff_updates_requester_spec.rb" time="0.002752"></testcase>
<testcase classname="spec.unit.tariff_synchronizer.tariff_updates_requester_spec" name="TariffSynchronizer::TariffUpdatesRequester.perform unable to connect raises DownloadException" file="./spec/unit/tariff_synchronizer/tariff_updates_requester_spec.rb" time="0.002851"></testcase>
<testcase classname="spec.models.duty_expression_spec" name="DutyExpression validations is expected to validate validity dates of DutyExpression" file="./spec/models/duty_expression_spec.rb" time="0.002382"></testcase>
<testcase classname="spec.models.duty_expression_spec" name="DutyExpression validations is expected to validate uniqueness of duty_expression_id" file="./spec/models/duty_expression_spec.rb" time="0.001728"></testcase>
<testcase classname="spec.factories_spec" name="measure_type_description factory is valid" file="./spec/factories_spec.rb" time="0.001916"></testcase>
<testcase classname="spec.unit.trade_tariff_backend.validator.validation_definer_spec" name="TradeTariffBackend::Validator::ValidationDefiner#validation validation type not set raises ArgumentError" file="./spec/unit/trade_tariff_backend/validator/validation_definer_spec.rb" time="0.001739"></testcase>
<testcase classname="spec.unit.trade_tariff_backend.validator.validation_definer_spec" name="TradeTariffBackend::Validator::ValidationDefiner#validation validation type set returns instance of validation" file="./spec/unit/trade_tariff_backend/validator/validation_definer_spec.rb" time="0.001761"></testcase>
<testcase classname="spec.unit.trade_tariff_backend.validator.validation_definer_spec" name="TradeTariffBackend::Validator::ValidationDefiner.define no block given raises ArgumentError" file="./spec/unit/trade_tariff_backend/validator/validation_definer_spec.rb" time="0.002529"></testcase>
<testcase classname="spec.unit.trade_tariff_backend.validator.validation_definer_spec" name="TradeTariffBackend::Validator::ValidationDefiner.define block with argument given returns generic validation instance" file="./spec/unit/trade_tariff_backend/validator/validation_definer_spec.rb" time="0.005178"></testcase>
<testcase classname="spec.unit.trade_tariff_backend.validator.validation_definer_spec" name="TradeTariffBackend::Validator::ValidationDefiner.define block without arguments given validation not evaluated raises ArgumentErorr" file="./spec/unit/trade_tariff_backend/validator/validation_definer_spec.rb" time="0.005550"></testcase>
<testcase classname="spec.unit.trade_tariff_backend.validator.validation_definer_spec" name="TradeTariffBackend::Validator::ValidationDefiner.define block without arguments given validation evaluated returns instance of validation" file="./spec/unit/trade_tariff_backend/validator/validation_definer_spec.rb" time="0.006405"></testcase>
<testcase classname="spec.unit.trade_tariff_backend.validator.validation_definer_spec" name="TradeTariffBackend::Validator::ValidationDefiner.generic_validation_klass defaults to GenericValidation" file="./spec/unit/trade_tariff_backend/validator/validation_definer_spec.rb" time="0.005009"></testcase>
<testcase classname="spec.unit.trade_tariff_backend.validator.validation_definer_spec" name="TradeTariffBackend::Validator::ValidationDefiner#validates assigns validation type" file="./spec/unit/trade_tariff_backend/validator/validation_definer_spec.rb" time="0.004838"></testcase>
<testcase classname="spec.unit.trade_tariff_backend.validator.validation_definer_spec" name="TradeTariffBackend::Validator::ValidationDefiner#validates assigns validation options" file="./spec/unit/trade_tariff_backend/validator/validation_definer_spec.rb" time="0.005100"></testcase>
<testcase classname="spec.integration.cds_importer.cds_importer_spec" name="CdsImporter XmlProcessor invokes EntityMapper" file="./spec/integration/cds_importer/cds_importer_spec.rb" time="0.005218"></testcase>
<testcase classname="spec.integration.cds_importer.cds_importer_spec" name="CdsImporter XmlProcessor when some error appears raises ImportException" file="./spec/integration/cds_importer/cds_importer_spec.rb" time="0.003807"></testcase>
<testcase classname="spec.integration.cds_importer.cds_importer_spec" name="CdsImporter#import invokes CdsImporter::XmlParser::Reader" file="./spec/integration/cds_importer/cds_importer_spec.rb" time="0.004642"></testcase>
<testcase classname="spec.integration.cds_importer.cds_importer_spec" name="CdsImporter#import creates new instance of XmlProcessor" file="./spec/integration/cds_importer/cds_importer_spec.rb" time="0.003768"></testcase>
<testcase classname="spec.unit.goods_nomenclature_mapper_spec" name="GoodsNomenclatureMapper mapping with commodity indents on the same level assigns no parents or children to both commodities" file="./spec/unit/goods_nomenclature_mapper_spec.rb" time="0.079756"></testcase>
<testcase classname="spec.unit.goods_nomenclature_mapper_spec" name="GoodsNomenclatureMapper mapping with commodity indents increasing assigns no parents or children to both commodities" file="./spec/unit/goods_nomenclature_mapper_spec.rb" time="0.111299"></testcase>
<testcase classname="spec.unit.goods_nomenclature_mapper_spec" name="GoodsNomenclatureMapper mapping with heading indents on the same level assigns no parents or children to both commodities" file="./spec/unit/goods_nomenclature_mapper_spec.rb" time="0.173451"></testcase>
<testcase classname="spec.unit.goods_nomenclature_mapper_spec" name="GoodsNomenclatureMapper mapping with commodity indents decreasing assigns no parents or children to both commodities" file="./spec/unit/goods_nomenclature_mapper_spec.rb" time="0.126859"></testcase>
<testcase classname="spec.services.certificate_search_service_spec" name="CertificateSearchService certificate search by description does not find certificate by wrong description" file="./spec/services/certificate_search_service_spec.rb" time="1.402575"></testcase>
<testcase classname="spec.services.certificate_search_service_spec" name="CertificateSearchService certificate search by description finds certificate by description" file="./spec/services/certificate_search_service_spec.rb" time="1.368857"></testcase>
<testcase classname="spec.services.certificate_search_service_spec" name="CertificateSearchService certificate search by certificate code does not find additional code by wrong code" file="./spec/services/certificate_search_service_spec.rb" time="1.368077"></testcase>
<testcase classname="spec.services.certificate_search_service_spec" name="CertificateSearchService certificate search by certificate code finds certificate by code" file="./spec/services/certificate_search_service_spec.rb" time="1.386584"></testcase>
<testcase classname="spec.services.certificate_search_service_spec" name="CertificateSearchService certificate search by certificate code when user enter 4-digits code ignores first digit" file="./spec/services/certificate_search_service_spec.rb" time="1.372931"></testcase>
<testcase classname="spec.services.certificate_search_service_spec" name="CertificateSearchService certificate search by certificate code when user enter 4-digits code finds certificate by code" file="./spec/services/certificate_search_service_spec.rb" time="1.352761"></testcase>
<testcase classname="spec.services.certificate_search_service_spec" name="CertificateSearchService certificate search by description first word does not find certificate by wrong description first word" file="./spec/services/certificate_search_service_spec.rb" time="1.377738"></testcase>
<testcase classname="spec.services.certificate_search_service_spec" name="CertificateSearchService certificate search by description first word finds certificate by description first word" file="./spec/services/certificate_search_service_spec.rb" time="1.392381"></testcase>
<testcase classname="spec.services.certificate_search_service_spec" name="CertificateSearchService certificate search by certificate type finds certificate by type" file="./spec/services/certificate_search_service_spec.rb" time="1.456233"></testcase>
<testcase classname="spec.services.certificate_search_service_spec" name="CertificateSearchService certificate search by certificate type does not find additional code by wrong type" file="./spec/services/certificate_search_service_spec.rb" time="1.365859"></testcase>
<testcase classname="spec.models.measurement_unit_qualifier_spec" name="MeasurementUnitQualifier validations is expected to validate uniqueness of measurement_unit_qualifier_code" file="./spec/models/measurement_unit_qualifier_spec.rb" time="0.003758"></testcase>
<testcase classname="spec.models.measurement_unit_qualifier_spec" name="MeasurementUnitQualifier validations is expected to validate validity dates of MeasurementUnitQualifier" file="./spec/models/measurement_unit_qualifier_spec.rb" time="0.004094"></testcase>
<testcase classname="spec.factories_spec" name="taric_update factory is valid" file="./spec/factories_spec.rb" time="0.006018"></testcase>
<testcase classname="spec.factories_spec" name="certificate_type_description factory is valid" file="./spec/factories_spec.rb" time="0.006622"></testcase>
<testcase classname="spec.controllers.api.admin.chapters.chapter_notes_controller_spec" name="Api::Admin::Chapters::ChapterNotesController POST to #create save succeeded persists chapter note" file="./spec/controllers/api/admin/chapters/chapter_notes_controller_spec.rb" time="0.034764"></testcase>
<testcase classname="spec.controllers.api.admin.chapters.chapter_notes_controller_spec" name="Api::Admin::Chapters::ChapterNotesController POST to #create save succeeded returns chapter_note attributes" file="./spec/controllers/api/admin/chapters/chapter_notes_controller_spec.rb" time="0.022553"></testcase>
<testcase classname="spec.controllers.api.admin.chapters.chapter_notes_controller_spec" name="Api::Admin::Chapters::ChapterNotesController POST to #create save succeeded responds with success" file="./spec/controllers/api/admin/chapters/chapter_notes_controller_spec.rb" time="0.031347"></testcase>
<testcase classname="spec.controllers.api.admin.chapters.chapter_notes_controller_spec" name="Api::Admin::Chapters::ChapterNotesController POST to #create save failed responds with 422" file="./spec/controllers/api/admin/chapters/chapter_notes_controller_spec.rb" time="0.035021"></testcase>
<testcase classname="spec.controllers.api.admin.chapters.chapter_notes_controller_spec" name="Api::Admin::Chapters::ChapterNotesController POST to #create save failed returns chapter_note validation errors" file="./spec/controllers/api/admin/chapters/chapter_notes_controller_spec.rb" time="0.027208"></testcase>
<testcase classname="spec.controllers.api.admin.chapters.chapter_notes_controller_spec" name="Api::Admin::Chapters::ChapterNotesController POST to #create save failed does not persist chapter note" file="./spec/controllers/api/admin/chapters/chapter_notes_controller_spec.rb" time="0.026358"></testcase>
<testcase classname="spec.unit.tariff_synchronizer.base_update_spec" name="TariffSynchronizer::BaseUpdate#file_path whe Taric Update returns the concatenated path of where the file is" file="./spec/unit/tariff_synchronizer/base_update_spec.rb" time="0.003403"></testcase>
<testcase classname="spec.unit.tariff_synchronizer.base_update_spec" name="TariffSynchronizer::BaseUpdate#file_path whe Chief Update returns the concatenated path of where the file is" file="./spec/unit/tariff_synchronizer/base_update_spec.rb" time="0.007927"></testcase>
<testcase classname="spec.unit.tariff_synchronizer.base_update_spec" name="TariffSynchronizer::BaseUpdate#last_updates_are_missing? without weekends returns true" file="./spec/unit/tariff_synchronizer/base_update_spec.rb" time="0.013052"></testcase>
<testcase classname="spec.unit.tariff_synchronizer.base_update_spec" name="TariffSynchronizer::BaseUpdate#last_updates_are_missing? with weekends returns false" file="./spec/unit/tariff_synchronizer/base_update_spec.rb" time="0.008628"></testcase>
<testcase classname="spec.unit.tariff_synchronizer.base_update_spec" name="TariffSynchronizer::BaseUpdate.latest_applied_of_both_kinds Makes the right sql query" file="./spec/unit/tariff_synchronizer/base_update_spec.rb" time="0.004096"></testcase>
<testcase classname="spec.unit.tariff_synchronizer.base_update_spec" name="TariffSynchronizer::BaseUpdate.latest_applied_of_both_kinds return only the most recen one of each update_type" file="./spec/unit/tariff_synchronizer/base_update_spec.rb" time="0.006899"></testcase>
<testcase classname="spec.unit.tariff_synchronizer.base_update_spec" name="TariffSynchronizer::BaseUpdate.latest_applied_of_both_kinds returns only one record for each update_type" file="./spec/unit/tariff_synchronizer/base_update_spec.rb" time="0.007326"></testcase>
<testcase classname="spec.unit.tariff_synchronizer.base_update_spec" name="TariffSynchronizer::BaseUpdate.sync Calls the download method for each date since the last issue_date to the current date" file="./spec/unit/tariff_synchronizer/base_update_spec.rb" time="0.005397"></testcase>
<testcase classname="spec.unit.tariff_synchronizer.base_update_spec" name="TariffSynchronizer::BaseUpdate.sync logs and send email about several missing updates in a row" file="./spec/unit/tariff_synchronizer/base_update_spec.rb" time="0.010750"></testcase>
<testcase classname="spec.serializers.search.monetary_exchange_rate_serializer_spec" name="Search::MonetaryExchangeRateSerializer#to_json returns rendered monetary exchange rate entity as json" file="./spec/serializers/search/monetary_exchange_rate_serializer_spec.rb" time="0.009202"></testcase>
<testcase classname="spec.factories_spec" name="geographical_area_description_period factory is valid" file="./spec/factories_spec.rb" time="0.003058"></testcase>
<testcase classname="spec.formatters.description_trim_formatter_spec" name="DescriptionTrimFormatter.format strips !1!" file="./spec/formatters/description_trim_formatter_spec.rb" time="0.002304"></testcase>
<testcase classname="spec.formatters.description_trim_formatter_spec" name="DescriptionTrimFormatter.format replaces | with empty space" file="./spec/formatters/description_trim_formatter_spec.rb" time="0.001822"></testcase>
<testcase classname="spec.formatters.description_trim_formatter_spec" name="DescriptionTrimFormatter.format strips !&gt;=!" file="./spec/formatters/description_trim_formatter_spec.rb" time="0.001736"></testcase>
<testcase classname="spec.formatters.description_trim_formatter_spec" name="DescriptionTrimFormatter.format strips !&lt;=!" file="./spec/formatters/description_trim_formatter_spec.rb" time="0.001707"></testcase>
<testcase classname="spec.formatters.description_trim_formatter_spec" name="DescriptionTrimFormatter.format replaces $&lt;anycharacter&gt; with &lt;anycharacter&gt;" file="./spec/formatters/description_trim_formatter_spec.rb" time="0.001704"></testcase>
<testcase classname="spec.formatters.description_trim_formatter_spec" name="DescriptionTrimFormatter.format return empty string for empty description" file="./spec/formatters/description_trim_formatter_spec.rb" time="0.001702"></testcase>
<testcase classname="spec.formatters.description_trim_formatter_spec" name="DescriptionTrimFormatter.format replaces  @&lt;anycharacter&gt; with &lt;anycharacter&gt;" file="./spec/formatters/description_trim_formatter_spec.rb" time="0.001839"></testcase>
<testcase classname="spec.formatters.description_trim_formatter_spec" name="DescriptionTrimFormatter.format strips !x!" file="./spec/formatters/description_trim_formatter_spec.rb" time="0.001863"></testcase>
<testcase classname="spec.formatters.description_trim_formatter_spec" name="DescriptionTrimFormatter.format strips !O!" file="./spec/formatters/description_trim_formatter_spec.rb" time="0.002060"></testcase>
<testcase classname="spec.formatters.description_trim_formatter_spec" name="DescriptionTrimFormatter.format strips !o!" file="./spec/formatters/description_trim_formatter_spec.rb" time="0.001771"></testcase>
<testcase classname="spec.formatters.description_trim_formatter_spec" name="DescriptionTrimFormatter.format strips !X!" file="./spec/formatters/description_trim_formatter_spec.rb" time="0.001778"></testcase>
</testsuite>
